<?xml version="1.0" encoding="UTF-8"?>
<!-- Generated by org.testng.reporters.JUnitReportReporter -->
<testsuite hostname="KARNA" failures="0" tests="5" name="demo1.priority" time="0.069" errors="0" timestamp="2024-02-26T14:30:38 IST" skipped="0">
  <testcase classname="demo1.priority" name="T1" time="0.023"/>
  <system-out/>
  <testcase classname="demo1.priority" name="T5" time="0.006"/>
  <system-out/>
  <testcase classname="demo1.priority" name="T4" time="0.015"/>
  <system-out/>
  <testcase classname="demo1.priority" name="T3" time="0.008"/>
  <system-out/>
  <testcase classname="demo1.priority" name="T2" time="0.017"/>
  <system-out/>
</testsuite> <!-- demo1.priority -->
