<?xml version="1.0" encoding="UTF-8"?>
<!-- Generated by org.testng.reporters.JUnitReportReporter -->
<testsuite hostname="KARNA" failures="0" tests="1" name="demo1.soft" time="7.925" errors="0" timestamp="2024-02-27T11:59:28 IST" skipped="0">
  <testcase classname="demo1.soft" name="testsoftassert" time="7.925"/>
  <system-out/>
</testsuite> <!-- demo1.soft -->
