<?xml version="1.0" encoding="UTF-8"?>
<!-- Generated by org.testng.reporters.JUnitReportReporter -->
<testsuite hostname="KARNA" failures="0" tests="6" name="demo1.group" time="0.114" errors="0" timestamp="2024-02-26T16:38:22 IST" skipped="0">
  <testcase classname="demo1.group" name="T1" time="0.053"/>
  <system-out/>
  <testcase classname="demo1.group" name="T5" time="0.010"/>
  <system-out/>
  <testcase classname="demo1.group" name="T6" time="0.018"/>
  <system-out/>
  <testcase classname="demo1.group" name="T4" time="0.007"/>
  <system-out/>
  <testcase classname="demo1.group" name="T3" time="0.016"/>
  <system-out/>
  <testcase classname="demo1.group" name="T2" time="0.010"/>
  <system-out/>
</testsuite> <!-- demo1.group -->
