<?xml version="1.0" encoding="UTF-8"?>
<!-- Generated by org.testng.reporters.JUnitReportReporter -->
<testsuite hostname="KARNA" failures="0" tests="3" name="Listner.classC" time="0.005" errors="0" timestamp="2024-02-27T10:18:33 IST" skipped="0">
  <testcase classname="Listner.classC" name="Ct1" time="0.002"/>
  <system-out/>
  <testcase classname="Listner.classC" name="Ct2" time="0.001"/>
  <system-out/>
  <testcase classname="Listner.classC" name="Ct3" time="0.002"/>
  <system-out/>
</testsuite> <!-- Listner.classC -->
