<?xml version="1.0" encoding="UTF-8"?>
<!-- Generated by org.testng.reporters.JUnitReportReporter -->
<testsuite hostname="KARNA" failures="0" tests="1" name="demo1.Chrome" time="6.425" errors="0" timestamp="2024-02-26T14:01:39 IST" skipped="0">
  <testcase classname="demo1.Chrome" name="f" time="6.425"/>
  <system-out/>
</testsuite> <!-- demo1.Chrome -->
