<?xml version="1.0" encoding="UTF-8"?>
<!-- Generated by org.testng.reporters.JUnitReportReporter -->
<testsuite hostname="KARNA" failures="0" tests="1" name="demo1.NewTest" time="0.014" errors="0" timestamp="2024-02-26T13:51:38 IST" skipped="0">
  <testcase classname="demo1.NewTest" name="f" time="0.014"/>
  <system-out/>
</testsuite> <!-- demo1.NewTest -->
