<?xml version="1.0" encoding="UTF-8"?>
<!-- Generated by org.testng.reporters.JUnitReportReporter -->
<testsuite hostname="KARNA" failures="0" tests="2" name="testng.TestNG_Manipal.annotation" time="1.299" errors="0" timestamp="2024-02-26T13:49:34 IST" skipped="0">
  <testcase classname="testng.TestNG_Manipal.annotation" name="configLogin1" time="0.042"/>
  <system-out/>
  <testcase classname="testng.TestNG_Manipal.annotation" name="configLogin" time="1.257"/>
  <system-out/>
</testsuite> <!-- testng.TestNG_Manipal.annotation -->
