<?xml version="1.0" encoding="UTF-8"?>
<!-- Generated by org.testng.reporters.JUnitReportReporter -->
<testsuite hostname="KARNA" failures="0" tests="1" name="DataDriven.ReadExcel" time="7.723" errors="0" timestamp="2024-02-27T13:06:35 IST" skipped="0">
  <testcase classname="DataDriven.ReadExcel" name="fblogin" time="7.723"/>
  <system-out/>
</testsuite> <!-- DataDriven.ReadExcel -->
