<?xml version="1.0" encoding="UTF-8"?>
<!-- Generated by org.testng.reporters.JUnitReportReporter -->
<testsuite hostname="KARNA" failures="0" tests="1" name="DataDriven.WriteExcel" time="12.192" errors="0" timestamp="2024-02-27T14:09:31 IST" skipped="0">
  <testcase classname="DataDriven.WriteExcel" name="fblogin" time="12.192"/>
  <system-out/>
</testsuite> <!-- DataDriven.WriteExcel -->
