<?xml version="1.0" encoding="UTF-8"?>
<!-- Generated by org.testng.reporters.JUnitReportReporter -->
<testsuite hostname="KARNA" failures="0" tests="3" name="Listner.classB" time="0.023" errors="0" timestamp="2024-02-27T10:18:33 IST" skipped="0">
  <testcase classname="Listner.classB" name="Bt2" time="0.006"/>
  <system-out/>
  <testcase classname="Listner.classB" name="Bt3" time="0.012"/>
  <system-out/>
  <testcase classname="Listner.classB" name="Bt1" time="0.005"/>
  <system-out/>
</testsuite> <!-- Listner.classB -->
